C:\Users\lonez\Documents\GitHub\PhoneBookTS_SPA\PhoneBookProj\app.js
C:\Users\lonez\Documents\GitHub\PhoneBookTS_SPA\PhoneBookProj\app.js.map
C:\Users\lonez\Documents\GitHub\PhoneBookTS_SPA\PhoneBookProj\appData\data.js
C:\Users\lonez\Documents\GitHub\PhoneBookTS_SPA\PhoneBookProj\appData\data.js.map
C:\Users\lonez\Documents\GitHub\PhoneBookTS_SPA\PhoneBookProj\Ctrl\AddCtrl.js
C:\Users\lonez\Documents\GitHub\PhoneBookTS_SPA\PhoneBookProj\Ctrl\AddCtrl.js.map
C:\Users\lonez\Documents\GitHub\PhoneBookTS_SPA\PhoneBookProj\Ctrl\EditCtrl.js
C:\Users\lonez\Documents\GitHub\PhoneBookTS_SPA\PhoneBookProj\Ctrl\EditCtrl.js.map
C:\Users\lonez\Documents\GitHub\PhoneBookTS_SPA\PhoneBookProj\Ctrl\HomeCtrl.js
C:\Users\lonez\Documents\GitHub\PhoneBookTS_SPA\PhoneBookProj\Ctrl\HomeCtrl.js.map
C:\Users\lonez\Documents\GitHub\PhoneBookTS_SPA\PhoneBookProj\Filters\SearchFilter.js
C:\Users\lonez\Documents\GitHub\PhoneBookTS_SPA\PhoneBookProj\Filters\SearchFilter.js.map
C:\Users\lonez\Documents\GitHub\PhoneBookTS_SPA\PhoneBookProj\Models\Cell.js
C:\Users\lonez\Documents\GitHub\PhoneBookTS_SPA\PhoneBookProj\Models\Cell.js.map
C:\Users\lonez\Documents\GitHub\PhoneBookTS_SPA\PhoneBookProj\Models\HashTable.js
C:\Users\lonez\Documents\GitHub\PhoneBookTS_SPA\PhoneBookProj\Models\HashTable.js.map
C:\Users\lonez\Documents\GitHub\PhoneBookTS_SPA\PhoneBookProj\Models\Contact.js
C:\Users\lonez\Documents\GitHub\PhoneBookTS_SPA\PhoneBookProj\Models\Contact.js.map
C:\Users\lonez\Documents\GitHub\PhoneBookTS_SPA\PhoneBookProj\Service\dbService.js
C:\Users\lonez\Documents\GitHub\PhoneBookTS_SPA\PhoneBookProj\Service\dbService.js.map
C:\Users\lonez\Documents\GitHub\PhoneBookTS_SPA\PhoneBookProj\Service\otherServices.js
C:\Users\lonez\Documents\GitHub\PhoneBookTS_SPA\PhoneBookProj\Service\otherServices.js.map
